<?xml version="1.0" encoding="UTF-8"?>
<!-- Generated by org.testng.reporters.JUnitXMLReporter -->
<testsuite ignored="0" hostname="SHRADDHA" failures="0" tests="3" name="Default test" time="0.08" errors="0" timestamp="2022-10-19T23:28:51 IST">
  <testcase classname="day8.testngexamples.Example_Param5" name="signIn" time="0.012"/>
  <testcase classname="day8.testngexamples.Example_Param5" name="login" time="0.002"/>
  <testcase classname="day8.testngexamples.Example_Param5" name="checkNotification" time="0.002"/>
</testsuite> <!-- Default test -->
